<?xml version="1.0" encoding="UTF-8"?>
<coverage generated="1647379784473" clover="3.2.0">
  <project timestamp="1647379784474" name="All files">
    <metrics statements="55" coveredstatements="51" conditionals="20" coveredconditionals="20" methods="16" coveredmethods="13" elements="91" coveredelements="84" complexity="0" loc="55" ncloc="55" packages="2" files="6" classes="6"/>
    <package name="__tests__.unit._util">
      <metrics statements="10" coveredstatements="6" conditionals="0" coveredconditionals="0" methods="7" coveredmethods="4"/>
      <file name="testUtil.js" path="C:\Users\marco.goncalves\Documents\Projects\other\spotify-radio-js-expert\__tests__\unit\_util\testUtil.js">
        <metrics statements="10" coveredstatements="6" conditionals="0" coveredconditionals="0" methods="7" coveredmethods="4"/>
        <line num="6" count="16" type="stmt"/>
        <line num="8" count="0" type="stmt"/>
        <line num="10" count="0" type="stmt"/>
        <line num="16" count="10" type="stmt"/>
        <line num="18" count="0" type="stmt"/>
        <line num="19" count="0" type="stmt"/>
        <line num="25" count="10" type="stmt"/>
        <line num="26" count="10" type="stmt"/>
        <line num="27" count="10" type="stmt"/>
        <line num="39" count="10" type="stmt"/>
      </file>
    </package>
    <package name="server">
      <metrics statements="45" coveredstatements="45" conditionals="20" coveredconditionals="20" methods="9" coveredmethods="9"/>
      <file name="config.js" path="C:\Users\marco.goncalves\Documents\Projects\other\spotify-radio-js-expert\server\config.js">
        <metrics statements="4" coveredstatements="4" conditionals="2" coveredconditionals="2" methods="0" coveredmethods="0"/>
        <line num="4" count="3" type="stmt"/>
        <line num="5" count="3" type="stmt"/>
        <line num="6" count="3" type="stmt"/>
        <line num="7" count="3" type="stmt"/>
      </file>
      <file name="controller.js" path="C:\Users\marco.goncalves\Documents\Projects\other\spotify-radio-js-expert\server\controller.js">
        <metrics statements="2" coveredstatements="2" conditionals="0" coveredconditionals="0" methods="2" coveredmethods="2"/>
        <line num="5" count="3" type="stmt"/>
        <line num="9" count="2" type="stmt"/>
      </file>
      <file name="routes.js" path="C:\Users\marco.goncalves\Documents\Projects\other\spotify-radio-js-expert\server\routes.js">
        <metrics statements="29" coveredstatements="29" conditionals="18" coveredconditionals="18" methods="4" coveredmethods="4"/>
        <line num="5" count="3" type="stmt"/>
        <line num="6" count="3" type="stmt"/>
        <line num="9" count="10" type="stmt"/>
        <line num="11" count="10" type="cond" truecount="4" falsecount="0"/>
        <line num="12" count="1" type="stmt"/>
        <line num="16" count="1" type="stmt"/>
        <line num="19" count="9" type="cond" truecount="4" falsecount="0"/>
        <line num="20" count="3" type="stmt"/>
        <line num="22" count="3" type="stmt"/>
        <line num="25" count="6" type="cond" truecount="4" falsecount="0"/>
        <line num="26" count="1" type="stmt"/>
        <line num="28" count="1" type="stmt"/>
        <line num="32" count="5" type="cond" truecount="2" falsecount="0"/>
        <line num="33" count="4" type="stmt"/>
        <line num="35" count="2" type="stmt"/>
        <line num="37" count="2" type="cond" truecount="2" falsecount="0"/>
        <line num="38" count="1" type="stmt"/>
        <line num="43" count="2" type="stmt"/>
        <line num="46" count="1" type="stmt"/>
        <line num="47" count="1" type="stmt"/>
        <line num="51" count="3" type="cond" truecount="2" falsecount="0"/>
        <line num="52" count="1" type="stmt"/>
        <line num="53" count="1" type="stmt"/>
        <line num="54" count="1" type="stmt"/>
        <line num="57" count="2" type="stmt"/>
        <line num="58" count="2" type="stmt"/>
        <line num="59" count="2" type="stmt"/>
        <line num="63" count="10" type="stmt"/>
        <line num="64" count="3" type="stmt"/>
      </file>
      <file name="service.js" path="C:\Users\marco.goncalves\Documents\Projects\other\spotify-radio-js-expert\server\service.js">
        <metrics statements="8" coveredstatements="8" conditionals="0" coveredconditionals="0" methods="3" coveredmethods="3"/>
        <line num="8" count="3" type="stmt"/>
        <line num="12" count="1" type="stmt"/>
        <line num="17" count="1" type="stmt"/>
        <line num="20" count="1" type="stmt"/>
        <line num="22" count="1" type="stmt"/>
        <line num="24" count="1" type="stmt"/>
        <line num="28" count="1" type="stmt"/>
        <line num="30" count="1" type="stmt"/>
      </file>
      <file name="util.js" path="C:\Users\marco.goncalves\Documents\Projects\other\spotify-radio-js-expert\server\util.js">
        <metrics statements="2" coveredstatements="2" conditionals="0" coveredconditionals="0" methods="0" coveredmethods="0"/>
        <line num="3" count="3" type="stmt"/>
        <line num="13" count="3" type="stmt"/>
      </file>
    </package>
  </project>
</coverage>
