{"C:\\Users\\marco.goncalves\\Documents\\Projects\\other\\spotify-radio-js-expert\\__tests__\\unit\\_util\\testUtil.js": {"path":"C:\\Users\\marco.goncalves\\Documents\\Projects\\other\\spotify-radio-js-expert\\__tests__\\unit\\_util\\testUtil.js","statementMap":{"0":{"start":{"line":6,"column":4},"end":{"line":12,"column":7}},"1":{"start":{"line":8,"column":8},"end":{"line":8,"column":49}},"2":{"start":{"line":8,"column":33},"end":{"line":8,"column":49}},"3":{"start":{"line":10,"column":8},"end":{"line":10,"column":24}},"4":{"start":{"line":16,"column":4},"end":{"line":21,"column":7}},"5":{"start":{"line":18,"column":8},"end":{"line":18,"column":22}},"6":{"start":{"line":19,"column":8},"end":{"line":19,"column":24}},"7":{"start":{"line":25,"column":26},"end":{"line":25,"column":75}},"8":{"start":{"line":26,"column":21},"end":{"line":26,"column":62}},"9":{"start":{"line":27,"column":17},"end":{"line":37,"column":5}},"10":{"start":{"line":39,"column":4},"end":{"line":39,"column":58}},"11":{"start":{"line":39,"column":27},"end":{"line":39,"column":46}}},"fnMap":{"0":{"name":"(anonymous_0)","decl":{"start":{"line":5,"column":2},"end":{"line":5,"column":3}},"loc":{"start":{"line":5,"column":38},"end":{"line":13,"column":3}},"line":5},"1":{"name":"(anonymous_1)","decl":{"start":{"line":7,"column":12},"end":{"line":7,"column":13}},"loc":{"start":{"line":7,"column":24},"end":{"line":11,"column":7}},"line":7},"2":{"name":"(anonymous_2)","decl":{"start":{"line":15,"column":2},"end":{"line":15,"column":3}},"loc":{"start":{"line":15,"column":40},"end":{"line":22,"column":3}},"line":15},"3":{"name":"(anonymous_3)","decl":{"start":{"line":17,"column":13},"end":{"line":17,"column":14}},"loc":{"start":{"line":17,"column":39},"end":{"line":20,"column":7}},"line":17},"4":{"name":"(anonymous_4)","decl":{"start":{"line":24,"column":2},"end":{"line":24,"column":3}},"loc":{"start":{"line":24,"column":31},"end":{"line":40,"column":3}},"line":24},"5":{"name":"(anonymous_5)","decl":{"start":{"line":26,"column":53},"end":{"line":26,"column":54}},"loc":{"start":{"line":26,"column":59},"end":{"line":26,"column":61}},"line":26},"6":{"name":"(anonymous_6)","decl":{"start":{"line":39,"column":21},"end":{"line":39,"column":22}},"loc":{"start":{"line":39,"column":27},"end":{"line":39,"column":46}},"line":39}},"branchMap":{},"s":{"0":12,"1":0,"2":0,"3":0,"4":8,"5":0,"6":0,"7":8,"8":8,"9":8,"10":8,"11":8},"f":{"0":12,"1":0,"2":8,"3":0,"4":8,"5":0,"6":8},"b":{},"_coverageSchema":"1a1c01bbd47fc00a2c39e90264f33305004495a9","hash":"91cb52a0e8cd0d0f9036df0b38be4dad67f030c7"}
,"C:\\Users\\marco.goncalves\\Documents\\Projects\\other\\spotify-radio-js-expert\\server\\config.js": {"path":"C:\\Users\\marco.goncalves\\Documents\\Projects\\other\\spotify-radio-js-expert\\server\\config.js","statementMap":{"0":{"start":{"line":4,"column":25},"end":{"line":4,"column":64}},"1":{"start":{"line":5,"column":13},"end":{"line":5,"column":42}},"2":{"start":{"line":6,"column":23},"end":{"line":6,"column":42}},"3":{"start":{"line":7,"column":24},"end":{"line":7,"column":44}}},"fnMap":{},"branchMap":{"0":{"loc":{"start":{"line":10,"column":8},"end":{"line":10,"column":32}},"type":"binary-expr","locations":[{"start":{"line":10,"column":8},"end":{"line":10,"column":24}},{"start":{"line":10,"column":28},"end":{"line":10,"column":32}}],"line":10}},"s":{"0":1,"1":1,"2":1,"3":1},"f":{},"b":{"0":[1,1]},"_coverageSchema":"1a1c01bbd47fc00a2c39e90264f33305004495a9","hash":"31fc483fdbcd14ee9ff4d16bbcf4f3c2214ff742"}
,"C:\\Users\\marco.goncalves\\Documents\\Projects\\other\\spotify-radio-js-expert\\server\\controller.js": {"path":"C:\\Users\\marco.goncalves\\Documents\\Projects\\other\\spotify-radio-js-expert\\server\\controller.js","statementMap":{"0":{"start":{"line":5,"column":4},"end":{"line":5,"column":33}},"1":{"start":{"line":9,"column":4},"end":{"line":9,"column":48}}},"fnMap":{"0":{"name":"(anonymous_0)","decl":{"start":{"line":4,"column":2},"end":{"line":4,"column":3}},"loc":{"start":{"line":4,"column":16},"end":{"line":6,"column":3}},"line":4},"1":{"name":"(anonymous_1)","decl":{"start":{"line":8,"column":2},"end":{"line":8,"column":3}},"loc":{"start":{"line":8,"column":32},"end":{"line":10,"column":3}},"line":8}},"branchMap":{},"s":{"0":1,"1":0},"f":{"0":1,"1":0},"b":{},"_coverageSchema":"1a1c01bbd47fc00a2c39e90264f33305004495a9","hash":"f1ccf11abd43ba6dfe602acbdf45a74e0e010ae1"}
,"C:\\Users\\marco.goncalves\\Documents\\Projects\\other\\spotify-radio-js-expert\\server\\routes.js": {"path":"C:\\Users\\marco.goncalves\\Documents\\Projects\\other\\spotify-radio-js-expert\\server\\routes.js","statementMap":{"0":{"start":{"line":5,"column":39},"end":{"line":5,"column":45}},"1":{"start":{"line":6,"column":19},"end":{"line":6,"column":35}},"2":{"start":{"line":9,"column":26},"end":{"line":9,"column":33}},"3":{"start":{"line":11,"column":2},"end":{"line":17,"column":3}},"4":{"start":{"line":12,"column":4},"end":{"line":14,"column":7}},"5":{"start":{"line":16,"column":4},"end":{"line":16,"column":26}},"6":{"start":{"line":19,"column":2},"end":{"line":23,"column":3}},"7":{"start":{"line":20,"column":23},"end":{"line":20,"column":69}},"8":{"start":{"line":22,"column":4},"end":{"line":22,"column":33}},"9":{"start":{"line":25,"column":2},"end":{"line":29,"column":3}},"10":{"start":{"line":26,"column":23},"end":{"line":26,"column":75}},"11":{"start":{"line":28,"column":4},"end":{"line":28,"column":33}},"12":{"start":{"line":32,"column":2},"end":{"line":44,"column":3}},"13":{"start":{"line":33,"column":29},"end":{"line":33,"column":64}},"14":{"start":{"line":35,"column":24},"end":{"line":35,"column":52}},"15":{"start":{"line":37,"column":4},"end":{"line":41,"column":5}},"16":{"start":{"line":38,"column":6},"end":{"line":40,"column":9}},"17":{"start":{"line":43,"column":4},"end":{"line":43,"column":33}},"18":{"start":{"line":46,"column":2},"end":{"line":46,"column":26}},"19":{"start":{"line":47,"column":2},"end":{"line":47,"column":24}},"20":{"start":{"line":51,"column":2},"end":{"line":55,"column":3}},"21":{"start":{"line":52,"column":4},"end":{"line":52,"column":50}},"22":{"start":{"line":53,"column":4},"end":{"line":53,"column":28}},"23":{"start":{"line":54,"column":4},"end":{"line":54,"column":26}},"24":{"start":{"line":57,"column":2},"end":{"line":57,"column":53}},"25":{"start":{"line":58,"column":2},"end":{"line":58,"column":26}},"26":{"start":{"line":59,"column":2},"end":{"line":59,"column":24}},"27":{"start":{"line":63,"column":2},"end":{"line":65,"column":4}},"28":{"start":{"line":64,"column":4},"end":{"line":64,"column":32}}},"fnMap":{"0":{"name":"routes","decl":{"start":{"line":8,"column":15},"end":{"line":8,"column":21}},"loc":{"start":{"line":8,"column":41},"end":{"line":48,"column":1}},"line":8},"1":{"name":"handleError","decl":{"start":{"line":50,"column":9},"end":{"line":50,"column":20}},"loc":{"start":{"line":50,"column":38},"end":{"line":60,"column":1}},"line":50},"2":{"name":"handler","decl":{"start":{"line":62,"column":16},"end":{"line":62,"column":23}},"loc":{"start":{"line":62,"column":43},"end":{"line":66,"column":1}},"line":62},"3":{"name":"(anonymous_3)","decl":{"start":{"line":63,"column":41},"end":{"line":63,"column":42}},"loc":{"start":{"line":64,"column":4},"end":{"line":64,"column":32}},"line":64}},"branchMap":{"0":{"loc":{"start":{"line":11,"column":2},"end":{"line":17,"column":3}},"type":"if","locations":[{"start":{"line":11,"column":2},"end":{"line":17,"column":3}},{"start":{},"end":{}}],"line":11},"1":{"loc":{"start":{"line":11,"column":6},"end":{"line":11,"column":37}},"type":"binary-expr","locations":[{"start":{"line":11,"column":6},"end":{"line":11,"column":22}},{"start":{"line":11,"column":26},"end":{"line":11,"column":37}}],"line":11},"2":{"loc":{"start":{"line":19,"column":2},"end":{"line":23,"column":3}},"type":"if","locations":[{"start":{"line":19,"column":2},"end":{"line":23,"column":3}},{"start":{},"end":{}}],"line":19},"3":{"loc":{"start":{"line":19,"column":6},"end":{"line":19,"column":41}},"type":"binary-expr","locations":[{"start":{"line":19,"column":6},"end":{"line":19,"column":22}},{"start":{"line":19,"column":26},"end":{"line":19,"column":41}}],"line":19},"4":{"loc":{"start":{"line":25,"column":2},"end":{"line":29,"column":3}},"type":"if","locations":[{"start":{"line":25,"column":2},"end":{"line":29,"column":3}},{"start":{},"end":{}}],"line":25},"5":{"loc":{"start":{"line":25,"column":6},"end":{"line":25,"column":47}},"type":"binary-expr","locations":[{"start":{"line":25,"column":6},"end":{"line":25,"column":22}},{"start":{"line":25,"column":26},"end":{"line":25,"column":47}}],"line":25},"6":{"loc":{"start":{"line":32,"column":2},"end":{"line":44,"column":3}},"type":"if","locations":[{"start":{"line":32,"column":2},"end":{"line":44,"column":3}},{"start":{},"end":{}}],"line":32},"7":{"loc":{"start":{"line":37,"column":4},"end":{"line":41,"column":5}},"type":"if","locations":[{"start":{"line":37,"column":4},"end":{"line":41,"column":5}},{"start":{},"end":{}}],"line":37},"8":{"loc":{"start":{"line":51,"column":2},"end":{"line":55,"column":3}},"type":"if","locations":[{"start":{"line":51,"column":2},"end":{"line":55,"column":3}},{"start":{},"end":{}}],"line":51}},"s":{"0":1,"1":1,"2":8,"3":8,"4":1,"5":1,"6":7,"7":1,"8":1,"9":6,"10":1,"11":1,"12":5,"13":4,"14":2,"15":2,"16":1,"17":2,"18":1,"19":1,"20":2,"21":1,"22":1,"23":1,"24":1,"25":1,"26":1,"27":8,"28":2},"f":{"0":8,"1":2,"2":8,"3":2},"b":{"0":[1,7],"1":[8,7],"2":[1,6],"3":[7,6],"4":[1,5],"5":[6,5],"6":[4,1],"7":[1,1],"8":[1,1]},"_coverageSchema":"1a1c01bbd47fc00a2c39e90264f33305004495a9","hash":"edab774c9184402b5e9b8994df8976af5bb0c5f5"}
,"C:\\Users\\marco.goncalves\\Documents\\Projects\\other\\spotify-radio-js-expert\\server\\service.js": {"path":"C:\\Users\\marco.goncalves\\Documents\\Projects\\other\\spotify-radio-js-expert\\server\\service.js","statementMap":{"0":{"start":{"line":8,"column":4},"end":{"line":8,"column":10}},"1":{"start":{"line":12,"column":4},"end":{"line":12,"column":41}},"2":{"start":{"line":17,"column":25},"end":{"line":17,"column":52}},"3":{"start":{"line":20,"column":4},"end":{"line":20,"column":42}},"4":{"start":{"line":22,"column":21},"end":{"line":22,"column":42}},"5":{"start":{"line":24,"column":4},"end":{"line":24,"column":50}},"6":{"start":{"line":28,"column":27},"end":{"line":28,"column":55}},"7":{"start":{"line":30,"column":4},"end":{"line":30,"column":57}}},"fnMap":{"0":{"name":"(anonymous_0)","decl":{"start":{"line":11,"column":2},"end":{"line":11,"column":3}},"loc":{"start":{"line":11,"column":29},"end":{"line":13,"column":3}},"line":11},"1":{"name":"(anonymous_1)","decl":{"start":{"line":15,"column":2},"end":{"line":15,"column":3}},"loc":{"start":{"line":15,"column":26},"end":{"line":25,"column":3}},"line":15},"2":{"name":"(anonymous_2)","decl":{"start":{"line":27,"column":2},"end":{"line":27,"column":3}},"loc":{"start":{"line":27,"column":28},"end":{"line":31,"column":3}},"line":27}},"branchMap":{},"s":{"0":1,"1":0,"2":0,"3":0,"4":0,"5":0,"6":0,"7":0},"f":{"0":0,"1":0,"2":0},"b":{},"_coverageSchema":"1a1c01bbd47fc00a2c39e90264f33305004495a9","hash":"8c84f99a934962fe3f80ebf7b6a075cea7028d87"}
,"C:\\Users\\marco.goncalves\\Documents\\Projects\\other\\spotify-radio-js-expert\\server\\util.js": {"path":"C:\\Users\\marco.goncalves\\Documents\\Projects\\other\\spotify-radio-js-expert\\server\\util.js","statementMap":{"0":{"start":{"line":3,"column":12},"end":{"line":11,"column":2}},"1":{"start":{"line":13,"column":22},"end":{"line":13,"column":25}}},"fnMap":{},"branchMap":{},"s":{"0":1,"1":1},"f":{},"b":{},"_coverageSchema":"1a1c01bbd47fc00a2c39e90264f33305004495a9","hash":"c51bd066a7689db5760e74988ef1b067d22d92a5"}
}
