TN:
SF:__tests__\unit\_util\testUtil.js
FN:5,(anonymous_0)
FN:7,(anonymous_1)
FN:15,(anonymous_2)
FN:17,(anonymous_3)
FN:24,(anonymous_4)
FN:26,(anonymous_5)
FN:39,(anonymous_6)
FNF:7
FNH:4
FNDA:12,(anonymous_0)
FNDA:0,(anonymous_1)
FNDA:8,(anonymous_2)
FNDA:0,(anonymous_3)
FNDA:8,(anonymous_4)
FNDA:0,(anonymous_5)
FNDA:8,(anonymous_6)
DA:6,12
DA:8,0
DA:10,0
DA:16,8
DA:18,0
DA:19,0
DA:25,8
DA:26,8
DA:27,8
DA:39,8
LF:10
LH:6
BRF:0
BRH:0
end_of_record
TN:
SF:server\config.js
FNF:0
FNH:0
DA:4,1
DA:5,1
DA:6,1
DA:7,1
LF:4
LH:4
BRDA:10,0,0,1
BRDA:10,0,1,1
BRF:2
BRH:2
end_of_record
TN:
SF:server\controller.js
FN:4,(anonymous_0)
FN:8,(anonymous_1)
FNF:2
FNH:1
FNDA:1,(anonymous_0)
FNDA:0,(anonymous_1)
DA:5,1
DA:9,0
LF:2
LH:1
BRF:0
BRH:0
end_of_record
TN:
SF:server\routes.js
FN:8,routes
FN:50,handleError
FN:62,handler
FN:63,(anonymous_3)
FNF:4
FNH:4
FNDA:8,routes
FNDA:2,handleError
FNDA:8,handler
FNDA:2,(anonymous_3)
DA:5,1
DA:6,1
DA:9,8
DA:11,8
DA:12,1
DA:16,1
DA:19,7
DA:20,1
DA:22,1
DA:25,6
DA:26,1
DA:28,1
DA:32,5
DA:33,4
DA:35,2
DA:37,2
DA:38,1
DA:43,2
DA:46,1
DA:47,1
DA:51,2
DA:52,1
DA:53,1
DA:54,1
DA:57,1
DA:58,1
DA:59,1
DA:63,8
DA:64,2
LF:29
LH:29
BRDA:11,0,0,1
BRDA:11,0,1,7
BRDA:11,1,0,8
BRDA:11,1,1,7
BRDA:19,2,0,1
BRDA:19,2,1,6
BRDA:19,3,0,7
BRDA:19,3,1,6
BRDA:25,4,0,1
BRDA:25,4,1,5
BRDA:25,5,0,6
BRDA:25,5,1,5
BRDA:32,6,0,4
BRDA:32,6,1,1
BRDA:37,7,0,1
BRDA:37,7,1,1
BRDA:51,8,0,1
BRDA:51,8,1,1
BRF:18
BRH:18
end_of_record
TN:
SF:server\service.js
FN:11,(anonymous_0)
FN:15,(anonymous_1)
FN:27,(anonymous_2)
FNF:3
FNH:0
FNDA:0,(anonymous_0)
FNDA:0,(anonymous_1)
FNDA:0,(anonymous_2)
DA:8,1
DA:12,0
DA:17,0
DA:20,0
DA:22,0
DA:24,0
DA:28,0
DA:30,0
LF:8
LH:1
BRF:0
BRH:0
end_of_record
TN:
SF:server\util.js
FNF:0
FNH:0
DA:3,1
DA:13,1
LF:2
LH:2
BRF:0
BRH:0
end_of_record
