TN:
SF:__tests__\unit\_util\testUtil.js
FN:5,(anonymous_0)
FN:7,(anonymous_1)
FN:15,(anonymous_2)
FN:17,(anonymous_3)
FN:24,(anonymous_4)
FN:26,(anonymous_5)
FN:39,(anonymous_6)
FNF:7
FNH:4
FNDA:16,(anonymous_0)
FNDA:0,(anonymous_1)
FNDA:10,(anonymous_2)
FNDA:0,(anonymous_3)
FNDA:10,(anonymous_4)
FNDA:0,(anonymous_5)
FNDA:10,(anonymous_6)
DA:6,16
DA:8,0
DA:10,0
DA:16,10
DA:18,0
DA:19,0
DA:25,10
DA:26,10
DA:27,10
DA:39,10
LF:10
LH:6
BRF:0
BRH:0
end_of_record
TN:
SF:server\config.js
FNF:0
FNH:0
DA:4,3
DA:5,3
DA:6,3
DA:7,3
LF:4
LH:4
BRDA:10,0,0,3
BRDA:10,0,1,3
BRF:2
BRH:2
end_of_record
TN:
SF:server\controller.js
FN:4,(anonymous_0)
FN:8,(anonymous_1)
FNF:2
FNH:2
FNDA:3,(anonymous_0)
FNDA:2,(anonymous_1)
DA:5,3
DA:9,2
LF:2
LH:2
BRF:0
BRH:0
end_of_record
TN:
SF:server\routes.js
FN:8,routes
FN:50,handleError
FN:62,handler
FN:63,(anonymous_3)
FNF:4
FNH:4
FNDA:10,routes
FNDA:3,handleError
FNDA:10,handler
FNDA:3,(anonymous_3)
DA:5,3
DA:6,3
DA:9,10
DA:11,10
DA:12,1
DA:16,1
DA:19,9
DA:20,3
DA:22,3
DA:25,6
DA:26,1
DA:28,1
DA:32,5
DA:33,4
DA:35,2
DA:37,2
DA:38,1
DA:43,2
DA:46,1
DA:47,1
DA:51,3
DA:52,1
DA:53,1
DA:54,1
DA:57,2
DA:58,2
DA:59,2
DA:63,10
DA:64,3
LF:29
LH:29
BRDA:11,0,0,1
BRDA:11,0,1,9
BRDA:11,1,0,10
BRDA:11,1,1,9
BRDA:19,2,0,3
BRDA:19,2,1,6
BRDA:19,3,0,9
BRDA:19,3,1,8
BRDA:25,4,0,1
BRDA:25,4,1,5
BRDA:25,5,0,6
BRDA:25,5,1,5
BRDA:32,6,0,4
BRDA:32,6,1,1
BRDA:37,7,0,1
BRDA:37,7,1,1
BRDA:51,8,0,1
BRDA:51,8,1,2
BRF:18
BRH:18
end_of_record
TN:
SF:server\service.js
FN:11,(anonymous_0)
FN:15,(anonymous_1)
FN:27,(anonymous_2)
FNF:3
FNH:3
FNDA:1,(anonymous_0)
FNDA:1,(anonymous_1)
FNDA:1,(anonymous_2)
DA:8,3
DA:12,1
DA:17,1
DA:20,1
DA:22,1
DA:24,1
DA:28,1
DA:30,1
LF:8
LH:8
BRF:0
BRH:0
end_of_record
TN:
SF:server\util.js
FNF:0
FNH:0
DA:3,3
DA:13,3
LF:2
LH:2
BRF:0
BRH:0
end_of_record
